Created by PLY version 3.11 (http://www.dabeaz.com/ply)

Unused terminals:

    COMENTARIOS
    COMILLA
    COMILLASIMPLE

Grammar

Rule 0     S' -> statements
Rule 1     statements -> statements statement
Rule 2     statements -> statements sentencia
Rule 3     statements -> sentencia
Rule 4     statements -> statement
Rule 5     statement -> asignacion
Rule 6     asignacion -> ID ASIGNAR expr PUNTOYCOMA
Rule 7     tipodato -> NUMERICO
Rule 8     tipodato -> CARACTER
Rule 9     tipodato -> ESTADO
Rule 10    tipodato -> CADENA
Rule 11    statement -> LEER DOSPUNTOS expr
Rule 12    statement -> IMPRIMIR DOSPUNTOS expr
Rule 13    expr -> ID
Rule 14    expr -> NUMERICO
Rule 15    expr -> CADENA
Rule 16    expr -> CARACTER
Rule 17    expr -> ESTADO
Rule 18    expr -> expr MAS expr
Rule 19    expr -> NUMERICO MULTIPLICAR NUMERICO
Rule 20    expr -> NUMERICO DIVIDIR NUMERICO
Rule 21    expr -> NUMERICO MENOS NUMERICO
Rule 22    expr -> LPAREN expr RPAREN
Rule 23    condiciones -> MENOR
Rule 24    condiciones -> MENORIGUAL
Rule 25    condiciones -> MAYOR
Rule 26    condiciones -> MAYORIGUAL
Rule 27    condiciones -> ASIGNAR
Rule 28    condiciones -> IGUALDAD
Rule 29    condiciones -> DISTINTO
Rule 30    condicion -> expr condiciones expr
Rule 31    sentencia_si -> SI LPAREN condicion RPAREN LBLOCK lista_sentencia RBLOCK
Rule 32    sentencia_si -> SI LPAREN condicion RPAREN LBLOCK lista_sentencia RBLOCK NO LBLOCK lista_sentencia RBLOCK
Rule 33    sentencia_mientras -> MIENTRAS LPAREN condicion RPAREN LBLOCK lista_sentencia RBLOCK
Rule 34    sentencia_mientras -> HAZ LBLOCK lista_sentencia RBLOCK MIENTRAS LPAREN condicion RPAREN PUNTOYCOMA
Rule 35    sentencia_para -> PARA LPAREN asignacion condicion PUNTOYCOMA asignacion RPAREN LBLOCK lista_sentencia RBLOCK
Rule 36    sentencia -> sentencia_si
Rule 37    sentencia -> sentencia_mientras
Rule 38    sentencia -> sentencia_para
Rule 39    sentencia -> statement
Rule 40    lista_sentencia -> lista_sentencia sentencia
Rule 41    lista_sentencia -> sentencia

Terminals, with rules where they appear

ASIGNAR              : 6 27
CADENA               : 10 15
CARACTER             : 8 16
COMENTARIOS          : 
COMILLA              : 
COMILLASIMPLE        : 
DISTINTO             : 29
DIVIDIR              : 20
DOSPUNTOS            : 11 12
ESTADO               : 9 17
HAZ                  : 34
ID                   : 6 13
IGUALDAD             : 28
IMPRIMIR             : 12
LBLOCK               : 31 32 32 33 34 35
LEER                 : 11
LPAREN               : 22 31 32 33 34 35
MAS                  : 18
MAYOR                : 25
MAYORIGUAL           : 26
MENOR                : 23
MENORIGUAL           : 24
MENOS                : 21
MIENTRAS             : 33 34
MULTIPLICAR          : 19
NO                   : 32
NUMERICO             : 7 14 19 19 20 20 21 21
PARA                 : 35
PUNTOYCOMA           : 6 34 35
RBLOCK               : 31 32 32 33 34 35
RPAREN               : 22 31 32 33 34 35
SI                   : 31 32
error                : 

Nonterminals, with rules where they appear

asignacion           : 5 35 35
condicion            : 31 32 33 34 35
condiciones          : 30
expr                 : 6 11 12 18 18 22 30 30
lista_sentencia      : 31 32 32 33 34 35 40
sentencia            : 2 3 40 41
sentencia_mientras   : 37
sentencia_para       : 38
sentencia_si         : 36
statement            : 1 4 39
statements           : 1 2 0
tipodato             : 

Parsing method: LALR

state 0

    (0) S' -> . statements
    (1) statements -> . statements statement
    (2) statements -> . statements sentencia
    (3) statements -> . sentencia
    (4) statements -> . statement
    (36) sentencia -> . sentencia_si
    (37) sentencia -> . sentencia_mientras
    (38) sentencia -> . sentencia_para
    (39) sentencia -> . statement
    (5) statement -> . asignacion
    (11) statement -> . LEER DOSPUNTOS expr
    (12) statement -> . IMPRIMIR DOSPUNTOS expr
    (31) sentencia_si -> . SI LPAREN condicion RPAREN LBLOCK lista_sentencia RBLOCK
    (32) sentencia_si -> . SI LPAREN condicion RPAREN LBLOCK lista_sentencia RBLOCK NO LBLOCK lista_sentencia RBLOCK
    (33) sentencia_mientras -> . MIENTRAS LPAREN condicion RPAREN LBLOCK lista_sentencia RBLOCK
    (34) sentencia_mientras -> . HAZ LBLOCK lista_sentencia RBLOCK MIENTRAS LPAREN condicion RPAREN PUNTOYCOMA
    (35) sentencia_para -> . PARA LPAREN asignacion condicion PUNTOYCOMA asignacion RPAREN LBLOCK lista_sentencia RBLOCK
    (6) asignacion -> . ID ASIGNAR expr PUNTOYCOMA

    LEER            shift and go to state 8
    IMPRIMIR        shift and go to state 9
    SI              shift and go to state 10
    MIENTRAS        shift and go to state 11
    HAZ             shift and go to state 12
    PARA            shift and go to state 13
    ID              shift and go to state 14

    statements                     shift and go to state 1
    statement                      shift and go to state 2
    sentencia                      shift and go to state 3
    sentencia_si                   shift and go to state 4
    sentencia_mientras             shift and go to state 5
    sentencia_para                 shift and go to state 6
    asignacion                     shift and go to state 7

state 1

    (0) S' -> statements .
    (1) statements -> statements . statement
    (2) statements -> statements . sentencia
    (5) statement -> . asignacion
    (11) statement -> . LEER DOSPUNTOS expr
    (12) statement -> . IMPRIMIR DOSPUNTOS expr
    (36) sentencia -> . sentencia_si
    (37) sentencia -> . sentencia_mientras
    (38) sentencia -> . sentencia_para
    (39) sentencia -> . statement
    (6) asignacion -> . ID ASIGNAR expr PUNTOYCOMA
    (31) sentencia_si -> . SI LPAREN condicion RPAREN LBLOCK lista_sentencia RBLOCK
    (32) sentencia_si -> . SI LPAREN condicion RPAREN LBLOCK lista_sentencia RBLOCK NO LBLOCK lista_sentencia RBLOCK
    (33) sentencia_mientras -> . MIENTRAS LPAREN condicion RPAREN LBLOCK lista_sentencia RBLOCK
    (34) sentencia_mientras -> . HAZ LBLOCK lista_sentencia RBLOCK MIENTRAS LPAREN condicion RPAREN PUNTOYCOMA
    (35) sentencia_para -> . PARA LPAREN asignacion condicion PUNTOYCOMA asignacion RPAREN LBLOCK lista_sentencia RBLOCK

    LEER            shift and go to state 8
    IMPRIMIR        shift and go to state 9
    ID              shift and go to state 14
    SI              shift and go to state 10
    MIENTRAS        shift and go to state 11
    HAZ             shift and go to state 12
    PARA            shift and go to state 13

    statement                      shift and go to state 15
    sentencia                      shift and go to state 16
    asignacion                     shift and go to state 7
    sentencia_si                   shift and go to state 4
    sentencia_mientras             shift and go to state 5
    sentencia_para                 shift and go to state 6

state 2

    (4) statements -> statement .
    (39) sentencia -> statement .

  ! reduce/reduce conflict for LEER resolved using rule 4 (statements -> statement .)
  ! reduce/reduce conflict for IMPRIMIR resolved using rule 4 (statements -> statement .)
  ! reduce/reduce conflict for ID resolved using rule 4 (statements -> statement .)
  ! reduce/reduce conflict for SI resolved using rule 4 (statements -> statement .)
  ! reduce/reduce conflict for MIENTRAS resolved using rule 4 (statements -> statement .)
  ! reduce/reduce conflict for HAZ resolved using rule 4 (statements -> statement .)
  ! reduce/reduce conflict for PARA resolved using rule 4 (statements -> statement .)
  ! reduce/reduce conflict for $end resolved using rule 4 (statements -> statement .)
    LEER            reduce using rule 4 (statements -> statement .)
    IMPRIMIR        reduce using rule 4 (statements -> statement .)
    ID              reduce using rule 4 (statements -> statement .)
    SI              reduce using rule 4 (statements -> statement .)
    MIENTRAS        reduce using rule 4 (statements -> statement .)
    HAZ             reduce using rule 4 (statements -> statement .)
    PARA            reduce using rule 4 (statements -> statement .)
    $end            reduce using rule 4 (statements -> statement .)

  ! LEER            [ reduce using rule 39 (sentencia -> statement .) ]
  ! IMPRIMIR        [ reduce using rule 39 (sentencia -> statement .) ]
  ! ID              [ reduce using rule 39 (sentencia -> statement .) ]
  ! SI              [ reduce using rule 39 (sentencia -> statement .) ]
  ! MIENTRAS        [ reduce using rule 39 (sentencia -> statement .) ]
  ! HAZ             [ reduce using rule 39 (sentencia -> statement .) ]
  ! PARA            [ reduce using rule 39 (sentencia -> statement .) ]
  ! $end            [ reduce using rule 39 (sentencia -> statement .) ]


state 3

    (3) statements -> sentencia .

    LEER            reduce using rule 3 (statements -> sentencia .)
    IMPRIMIR        reduce using rule 3 (statements -> sentencia .)
    ID              reduce using rule 3 (statements -> sentencia .)
    SI              reduce using rule 3 (statements -> sentencia .)
    MIENTRAS        reduce using rule 3 (statements -> sentencia .)
    HAZ             reduce using rule 3 (statements -> sentencia .)
    PARA            reduce using rule 3 (statements -> sentencia .)
    $end            reduce using rule 3 (statements -> sentencia .)


state 4

    (36) sentencia -> sentencia_si .

    LEER            reduce using rule 36 (sentencia -> sentencia_si .)
    IMPRIMIR        reduce using rule 36 (sentencia -> sentencia_si .)
    ID              reduce using rule 36 (sentencia -> sentencia_si .)
    SI              reduce using rule 36 (sentencia -> sentencia_si .)
    MIENTRAS        reduce using rule 36 (sentencia -> sentencia_si .)
    HAZ             reduce using rule 36 (sentencia -> sentencia_si .)
    PARA            reduce using rule 36 (sentencia -> sentencia_si .)
    $end            reduce using rule 36 (sentencia -> sentencia_si .)
    RBLOCK          reduce using rule 36 (sentencia -> sentencia_si .)


state 5

    (37) sentencia -> sentencia_mientras .

    LEER            reduce using rule 37 (sentencia -> sentencia_mientras .)
    IMPRIMIR        reduce using rule 37 (sentencia -> sentencia_mientras .)
    ID              reduce using rule 37 (sentencia -> sentencia_mientras .)
    SI              reduce using rule 37 (sentencia -> sentencia_mientras .)
    MIENTRAS        reduce using rule 37 (sentencia -> sentencia_mientras .)
    HAZ             reduce using rule 37 (sentencia -> sentencia_mientras .)
    PARA            reduce using rule 37 (sentencia -> sentencia_mientras .)
    $end            reduce using rule 37 (sentencia -> sentencia_mientras .)
    RBLOCK          reduce using rule 37 (sentencia -> sentencia_mientras .)


state 6

    (38) sentencia -> sentencia_para .

    LEER            reduce using rule 38 (sentencia -> sentencia_para .)
    IMPRIMIR        reduce using rule 38 (sentencia -> sentencia_para .)
    ID              reduce using rule 38 (sentencia -> sentencia_para .)
    SI              reduce using rule 38 (sentencia -> sentencia_para .)
    MIENTRAS        reduce using rule 38 (sentencia -> sentencia_para .)
    HAZ             reduce using rule 38 (sentencia -> sentencia_para .)
    PARA            reduce using rule 38 (sentencia -> sentencia_para .)
    $end            reduce using rule 38 (sentencia -> sentencia_para .)
    RBLOCK          reduce using rule 38 (sentencia -> sentencia_para .)


state 7

    (5) statement -> asignacion .

    LEER            reduce using rule 5 (statement -> asignacion .)
    IMPRIMIR        reduce using rule 5 (statement -> asignacion .)
    ID              reduce using rule 5 (statement -> asignacion .)
    SI              reduce using rule 5 (statement -> asignacion .)
    MIENTRAS        reduce using rule 5 (statement -> asignacion .)
    HAZ             reduce using rule 5 (statement -> asignacion .)
    PARA            reduce using rule 5 (statement -> asignacion .)
    $end            reduce using rule 5 (statement -> asignacion .)
    RBLOCK          reduce using rule 5 (statement -> asignacion .)


state 8

    (11) statement -> LEER . DOSPUNTOS expr

    DOSPUNTOS       shift and go to state 17


state 9

    (12) statement -> IMPRIMIR . DOSPUNTOS expr

    DOSPUNTOS       shift and go to state 18


state 10

    (31) sentencia_si -> SI . LPAREN condicion RPAREN LBLOCK lista_sentencia RBLOCK
    (32) sentencia_si -> SI . LPAREN condicion RPAREN LBLOCK lista_sentencia RBLOCK NO LBLOCK lista_sentencia RBLOCK

    LPAREN          shift and go to state 19


state 11

    (33) sentencia_mientras -> MIENTRAS . LPAREN condicion RPAREN LBLOCK lista_sentencia RBLOCK

    LPAREN          shift and go to state 20


state 12

    (34) sentencia_mientras -> HAZ . LBLOCK lista_sentencia RBLOCK MIENTRAS LPAREN condicion RPAREN PUNTOYCOMA

    LBLOCK          shift and go to state 21


state 13

    (35) sentencia_para -> PARA . LPAREN asignacion condicion PUNTOYCOMA asignacion RPAREN LBLOCK lista_sentencia RBLOCK

    LPAREN          shift and go to state 22


state 14

    (6) asignacion -> ID . ASIGNAR expr PUNTOYCOMA

    ASIGNAR         shift and go to state 23


state 15

    (1) statements -> statements statement .
    (39) sentencia -> statement .

  ! reduce/reduce conflict for LEER resolved using rule 1 (statements -> statements statement .)
  ! reduce/reduce conflict for IMPRIMIR resolved using rule 1 (statements -> statements statement .)
  ! reduce/reduce conflict for ID resolved using rule 1 (statements -> statements statement .)
  ! reduce/reduce conflict for SI resolved using rule 1 (statements -> statements statement .)
  ! reduce/reduce conflict for MIENTRAS resolved using rule 1 (statements -> statements statement .)
  ! reduce/reduce conflict for HAZ resolved using rule 1 (statements -> statements statement .)
  ! reduce/reduce conflict for PARA resolved using rule 1 (statements -> statements statement .)
  ! reduce/reduce conflict for $end resolved using rule 1 (statements -> statements statement .)
    LEER            reduce using rule 1 (statements -> statements statement .)
    IMPRIMIR        reduce using rule 1 (statements -> statements statement .)
    ID              reduce using rule 1 (statements -> statements statement .)
    SI              reduce using rule 1 (statements -> statements statement .)
    MIENTRAS        reduce using rule 1 (statements -> statements statement .)
    HAZ             reduce using rule 1 (statements -> statements statement .)
    PARA            reduce using rule 1 (statements -> statements statement .)
    $end            reduce using rule 1 (statements -> statements statement .)

  ! LEER            [ reduce using rule 39 (sentencia -> statement .) ]
  ! IMPRIMIR        [ reduce using rule 39 (sentencia -> statement .) ]
  ! ID              [ reduce using rule 39 (sentencia -> statement .) ]
  ! SI              [ reduce using rule 39 (sentencia -> statement .) ]
  ! MIENTRAS        [ reduce using rule 39 (sentencia -> statement .) ]
  ! HAZ             [ reduce using rule 39 (sentencia -> statement .) ]
  ! PARA            [ reduce using rule 39 (sentencia -> statement .) ]
  ! $end            [ reduce using rule 39 (sentencia -> statement .) ]


state 16

    (2) statements -> statements sentencia .

    LEER            reduce using rule 2 (statements -> statements sentencia .)
    IMPRIMIR        reduce using rule 2 (statements -> statements sentencia .)
    ID              reduce using rule 2 (statements -> statements sentencia .)
    SI              reduce using rule 2 (statements -> statements sentencia .)
    MIENTRAS        reduce using rule 2 (statements -> statements sentencia .)
    HAZ             reduce using rule 2 (statements -> statements sentencia .)
    PARA            reduce using rule 2 (statements -> statements sentencia .)
    $end            reduce using rule 2 (statements -> statements sentencia .)


state 17

    (11) statement -> LEER DOSPUNTOS . expr
    (13) expr -> . ID
    (14) expr -> . NUMERICO
    (15) expr -> . CADENA
    (16) expr -> . CARACTER
    (17) expr -> . ESTADO
    (18) expr -> . expr MAS expr
    (19) expr -> . NUMERICO MULTIPLICAR NUMERICO
    (20) expr -> . NUMERICO DIVIDIR NUMERICO
    (21) expr -> . NUMERICO MENOS NUMERICO
    (22) expr -> . LPAREN expr RPAREN

    ID              shift and go to state 25
    NUMERICO        shift and go to state 26
    CADENA          shift and go to state 27
    CARACTER        shift and go to state 28
    ESTADO          shift and go to state 29
    LPAREN          shift and go to state 30

    expr                           shift and go to state 24

state 18

    (12) statement -> IMPRIMIR DOSPUNTOS . expr
    (13) expr -> . ID
    (14) expr -> . NUMERICO
    (15) expr -> . CADENA
    (16) expr -> . CARACTER
    (17) expr -> . ESTADO
    (18) expr -> . expr MAS expr
    (19) expr -> . NUMERICO MULTIPLICAR NUMERICO
    (20) expr -> . NUMERICO DIVIDIR NUMERICO
    (21) expr -> . NUMERICO MENOS NUMERICO
    (22) expr -> . LPAREN expr RPAREN

    ID              shift and go to state 25
    NUMERICO        shift and go to state 26
    CADENA          shift and go to state 27
    CARACTER        shift and go to state 28
    ESTADO          shift and go to state 29
    LPAREN          shift and go to state 30

    expr                           shift and go to state 31

state 19

    (31) sentencia_si -> SI LPAREN . condicion RPAREN LBLOCK lista_sentencia RBLOCK
    (32) sentencia_si -> SI LPAREN . condicion RPAREN LBLOCK lista_sentencia RBLOCK NO LBLOCK lista_sentencia RBLOCK
    (30) condicion -> . expr condiciones expr
    (13) expr -> . ID
    (14) expr -> . NUMERICO
    (15) expr -> . CADENA
    (16) expr -> . CARACTER
    (17) expr -> . ESTADO
    (18) expr -> . expr MAS expr
    (19) expr -> . NUMERICO MULTIPLICAR NUMERICO
    (20) expr -> . NUMERICO DIVIDIR NUMERICO
    (21) expr -> . NUMERICO MENOS NUMERICO
    (22) expr -> . LPAREN expr RPAREN

    ID              shift and go to state 25
    NUMERICO        shift and go to state 26
    CADENA          shift and go to state 27
    CARACTER        shift and go to state 28
    ESTADO          shift and go to state 29
    LPAREN          shift and go to state 30

    condicion                      shift and go to state 32
    expr                           shift and go to state 33

state 20

    (33) sentencia_mientras -> MIENTRAS LPAREN . condicion RPAREN LBLOCK lista_sentencia RBLOCK
    (30) condicion -> . expr condiciones expr
    (13) expr -> . ID
    (14) expr -> . NUMERICO
    (15) expr -> . CADENA
    (16) expr -> . CARACTER
    (17) expr -> . ESTADO
    (18) expr -> . expr MAS expr
    (19) expr -> . NUMERICO MULTIPLICAR NUMERICO
    (20) expr -> . NUMERICO DIVIDIR NUMERICO
    (21) expr -> . NUMERICO MENOS NUMERICO
    (22) expr -> . LPAREN expr RPAREN

    ID              shift and go to state 25
    NUMERICO        shift and go to state 26
    CADENA          shift and go to state 27
    CARACTER        shift and go to state 28
    ESTADO          shift and go to state 29
    LPAREN          shift and go to state 30

    condicion                      shift and go to state 34
    expr                           shift and go to state 33

state 21

    (34) sentencia_mientras -> HAZ LBLOCK . lista_sentencia RBLOCK MIENTRAS LPAREN condicion RPAREN PUNTOYCOMA
    (40) lista_sentencia -> . lista_sentencia sentencia
    (41) lista_sentencia -> . sentencia
    (36) sentencia -> . sentencia_si
    (37) sentencia -> . sentencia_mientras
    (38) sentencia -> . sentencia_para
    (39) sentencia -> . statement
    (31) sentencia_si -> . SI LPAREN condicion RPAREN LBLOCK lista_sentencia RBLOCK
    (32) sentencia_si -> . SI LPAREN condicion RPAREN LBLOCK lista_sentencia RBLOCK NO LBLOCK lista_sentencia RBLOCK
    (33) sentencia_mientras -> . MIENTRAS LPAREN condicion RPAREN LBLOCK lista_sentencia RBLOCK
    (34) sentencia_mientras -> . HAZ LBLOCK lista_sentencia RBLOCK MIENTRAS LPAREN condicion RPAREN PUNTOYCOMA
    (35) sentencia_para -> . PARA LPAREN asignacion condicion PUNTOYCOMA asignacion RPAREN LBLOCK lista_sentencia RBLOCK
    (5) statement -> . asignacion
    (11) statement -> . LEER DOSPUNTOS expr
    (12) statement -> . IMPRIMIR DOSPUNTOS expr
    (6) asignacion -> . ID ASIGNAR expr PUNTOYCOMA

    SI              shift and go to state 10
    MIENTRAS        shift and go to state 11
    HAZ             shift and go to state 12
    PARA            shift and go to state 13
    LEER            shift and go to state 8
    IMPRIMIR        shift and go to state 9
    ID              shift and go to state 14

    lista_sentencia                shift and go to state 35
    sentencia                      shift and go to state 36
    sentencia_si                   shift and go to state 4
    sentencia_mientras             shift and go to state 5
    sentencia_para                 shift and go to state 6
    statement                      shift and go to state 37
    asignacion                     shift and go to state 7

state 22

    (35) sentencia_para -> PARA LPAREN . asignacion condicion PUNTOYCOMA asignacion RPAREN LBLOCK lista_sentencia RBLOCK
    (6) asignacion -> . ID ASIGNAR expr PUNTOYCOMA

    ID              shift and go to state 14

    asignacion                     shift and go to state 38

state 23

    (6) asignacion -> ID ASIGNAR . expr PUNTOYCOMA
    (13) expr -> . ID
    (14) expr -> . NUMERICO
    (15) expr -> . CADENA
    (16) expr -> . CARACTER
    (17) expr -> . ESTADO
    (18) expr -> . expr MAS expr
    (19) expr -> . NUMERICO MULTIPLICAR NUMERICO
    (20) expr -> . NUMERICO DIVIDIR NUMERICO
    (21) expr -> . NUMERICO MENOS NUMERICO
    (22) expr -> . LPAREN expr RPAREN

    ID              shift and go to state 25
    NUMERICO        shift and go to state 26
    CADENA          shift and go to state 27
    CARACTER        shift and go to state 28
    ESTADO          shift and go to state 29
    LPAREN          shift and go to state 30

    expr                           shift and go to state 39

state 24

    (11) statement -> LEER DOSPUNTOS expr .
    (18) expr -> expr . MAS expr

    LEER            reduce using rule 11 (statement -> LEER DOSPUNTOS expr .)
    IMPRIMIR        reduce using rule 11 (statement -> LEER DOSPUNTOS expr .)
    ID              reduce using rule 11 (statement -> LEER DOSPUNTOS expr .)
    SI              reduce using rule 11 (statement -> LEER DOSPUNTOS expr .)
    MIENTRAS        reduce using rule 11 (statement -> LEER DOSPUNTOS expr .)
    HAZ             reduce using rule 11 (statement -> LEER DOSPUNTOS expr .)
    PARA            reduce using rule 11 (statement -> LEER DOSPUNTOS expr .)
    $end            reduce using rule 11 (statement -> LEER DOSPUNTOS expr .)
    RBLOCK          reduce using rule 11 (statement -> LEER DOSPUNTOS expr .)
    MAS             shift and go to state 40


state 25

    (13) expr -> ID .

    MAS             reduce using rule 13 (expr -> ID .)
    LEER            reduce using rule 13 (expr -> ID .)
    IMPRIMIR        reduce using rule 13 (expr -> ID .)
    ID              reduce using rule 13 (expr -> ID .)
    SI              reduce using rule 13 (expr -> ID .)
    MIENTRAS        reduce using rule 13 (expr -> ID .)
    HAZ             reduce using rule 13 (expr -> ID .)
    PARA            reduce using rule 13 (expr -> ID .)
    $end            reduce using rule 13 (expr -> ID .)
    RBLOCK          reduce using rule 13 (expr -> ID .)
    MENOR           reduce using rule 13 (expr -> ID .)
    MENORIGUAL      reduce using rule 13 (expr -> ID .)
    MAYOR           reduce using rule 13 (expr -> ID .)
    MAYORIGUAL      reduce using rule 13 (expr -> ID .)
    ASIGNAR         reduce using rule 13 (expr -> ID .)
    IGUALDAD        reduce using rule 13 (expr -> ID .)
    DISTINTO        reduce using rule 13 (expr -> ID .)
    PUNTOYCOMA      reduce using rule 13 (expr -> ID .)
    RPAREN          reduce using rule 13 (expr -> ID .)


state 26

    (14) expr -> NUMERICO .
    (19) expr -> NUMERICO . MULTIPLICAR NUMERICO
    (20) expr -> NUMERICO . DIVIDIR NUMERICO
    (21) expr -> NUMERICO . MENOS NUMERICO

    MAS             reduce using rule 14 (expr -> NUMERICO .)
    LEER            reduce using rule 14 (expr -> NUMERICO .)
    IMPRIMIR        reduce using rule 14 (expr -> NUMERICO .)
    ID              reduce using rule 14 (expr -> NUMERICO .)
    SI              reduce using rule 14 (expr -> NUMERICO .)
    MIENTRAS        reduce using rule 14 (expr -> NUMERICO .)
    HAZ             reduce using rule 14 (expr -> NUMERICO .)
    PARA            reduce using rule 14 (expr -> NUMERICO .)
    $end            reduce using rule 14 (expr -> NUMERICO .)
    RBLOCK          reduce using rule 14 (expr -> NUMERICO .)
    MENOR           reduce using rule 14 (expr -> NUMERICO .)
    MENORIGUAL      reduce using rule 14 (expr -> NUMERICO .)
    MAYOR           reduce using rule 14 (expr -> NUMERICO .)
    MAYORIGUAL      reduce using rule 14 (expr -> NUMERICO .)
    ASIGNAR         reduce using rule 14 (expr -> NUMERICO .)
    IGUALDAD        reduce using rule 14 (expr -> NUMERICO .)
    DISTINTO        reduce using rule 14 (expr -> NUMERICO .)
    PUNTOYCOMA      reduce using rule 14 (expr -> NUMERICO .)
    RPAREN          reduce using rule 14 (expr -> NUMERICO .)
    MULTIPLICAR     shift and go to state 41
    DIVIDIR         shift and go to state 42
    MENOS           shift and go to state 43


state 27

    (15) expr -> CADENA .

    MAS             reduce using rule 15 (expr -> CADENA .)
    LEER            reduce using rule 15 (expr -> CADENA .)
    IMPRIMIR        reduce using rule 15 (expr -> CADENA .)
    ID              reduce using rule 15 (expr -> CADENA .)
    SI              reduce using rule 15 (expr -> CADENA .)
    MIENTRAS        reduce using rule 15 (expr -> CADENA .)
    HAZ             reduce using rule 15 (expr -> CADENA .)
    PARA            reduce using rule 15 (expr -> CADENA .)
    $end            reduce using rule 15 (expr -> CADENA .)
    RBLOCK          reduce using rule 15 (expr -> CADENA .)
    MENOR           reduce using rule 15 (expr -> CADENA .)
    MENORIGUAL      reduce using rule 15 (expr -> CADENA .)
    MAYOR           reduce using rule 15 (expr -> CADENA .)
    MAYORIGUAL      reduce using rule 15 (expr -> CADENA .)
    ASIGNAR         reduce using rule 15 (expr -> CADENA .)
    IGUALDAD        reduce using rule 15 (expr -> CADENA .)
    DISTINTO        reduce using rule 15 (expr -> CADENA .)
    PUNTOYCOMA      reduce using rule 15 (expr -> CADENA .)
    RPAREN          reduce using rule 15 (expr -> CADENA .)


state 28

    (16) expr -> CARACTER .

    MAS             reduce using rule 16 (expr -> CARACTER .)
    LEER            reduce using rule 16 (expr -> CARACTER .)
    IMPRIMIR        reduce using rule 16 (expr -> CARACTER .)
    ID              reduce using rule 16 (expr -> CARACTER .)
    SI              reduce using rule 16 (expr -> CARACTER .)
    MIENTRAS        reduce using rule 16 (expr -> CARACTER .)
    HAZ             reduce using rule 16 (expr -> CARACTER .)
    PARA            reduce using rule 16 (expr -> CARACTER .)
    $end            reduce using rule 16 (expr -> CARACTER .)
    RBLOCK          reduce using rule 16 (expr -> CARACTER .)
    MENOR           reduce using rule 16 (expr -> CARACTER .)
    MENORIGUAL      reduce using rule 16 (expr -> CARACTER .)
    MAYOR           reduce using rule 16 (expr -> CARACTER .)
    MAYORIGUAL      reduce using rule 16 (expr -> CARACTER .)
    ASIGNAR         reduce using rule 16 (expr -> CARACTER .)
    IGUALDAD        reduce using rule 16 (expr -> CARACTER .)
    DISTINTO        reduce using rule 16 (expr -> CARACTER .)
    PUNTOYCOMA      reduce using rule 16 (expr -> CARACTER .)
    RPAREN          reduce using rule 16 (expr -> CARACTER .)


state 29

    (17) expr -> ESTADO .

    MAS             reduce using rule 17 (expr -> ESTADO .)
    LEER            reduce using rule 17 (expr -> ESTADO .)
    IMPRIMIR        reduce using rule 17 (expr -> ESTADO .)
    ID              reduce using rule 17 (expr -> ESTADO .)
    SI              reduce using rule 17 (expr -> ESTADO .)
    MIENTRAS        reduce using rule 17 (expr -> ESTADO .)
    HAZ             reduce using rule 17 (expr -> ESTADO .)
    PARA            reduce using rule 17 (expr -> ESTADO .)
    $end            reduce using rule 17 (expr -> ESTADO .)
    RBLOCK          reduce using rule 17 (expr -> ESTADO .)
    MENOR           reduce using rule 17 (expr -> ESTADO .)
    MENORIGUAL      reduce using rule 17 (expr -> ESTADO .)
    MAYOR           reduce using rule 17 (expr -> ESTADO .)
    MAYORIGUAL      reduce using rule 17 (expr -> ESTADO .)
    ASIGNAR         reduce using rule 17 (expr -> ESTADO .)
    IGUALDAD        reduce using rule 17 (expr -> ESTADO .)
    DISTINTO        reduce using rule 17 (expr -> ESTADO .)
    PUNTOYCOMA      reduce using rule 17 (expr -> ESTADO .)
    RPAREN          reduce using rule 17 (expr -> ESTADO .)


state 30

    (22) expr -> LPAREN . expr RPAREN
    (13) expr -> . ID
    (14) expr -> . NUMERICO
    (15) expr -> . CADENA
    (16) expr -> . CARACTER
    (17) expr -> . ESTADO
    (18) expr -> . expr MAS expr
    (19) expr -> . NUMERICO MULTIPLICAR NUMERICO
    (20) expr -> . NUMERICO DIVIDIR NUMERICO
    (21) expr -> . NUMERICO MENOS NUMERICO
    (22) expr -> . LPAREN expr RPAREN

    ID              shift and go to state 25
    NUMERICO        shift and go to state 26
    CADENA          shift and go to state 27
    CARACTER        shift and go to state 28
    ESTADO          shift and go to state 29
    LPAREN          shift and go to state 30

    expr                           shift and go to state 44

state 31

    (12) statement -> IMPRIMIR DOSPUNTOS expr .
    (18) expr -> expr . MAS expr

    LEER            reduce using rule 12 (statement -> IMPRIMIR DOSPUNTOS expr .)
    IMPRIMIR        reduce using rule 12 (statement -> IMPRIMIR DOSPUNTOS expr .)
    ID              reduce using rule 12 (statement -> IMPRIMIR DOSPUNTOS expr .)
    SI              reduce using rule 12 (statement -> IMPRIMIR DOSPUNTOS expr .)
    MIENTRAS        reduce using rule 12 (statement -> IMPRIMIR DOSPUNTOS expr .)
    HAZ             reduce using rule 12 (statement -> IMPRIMIR DOSPUNTOS expr .)
    PARA            reduce using rule 12 (statement -> IMPRIMIR DOSPUNTOS expr .)
    $end            reduce using rule 12 (statement -> IMPRIMIR DOSPUNTOS expr .)
    RBLOCK          reduce using rule 12 (statement -> IMPRIMIR DOSPUNTOS expr .)
    MAS             shift and go to state 40


state 32

    (31) sentencia_si -> SI LPAREN condicion . RPAREN LBLOCK lista_sentencia RBLOCK
    (32) sentencia_si -> SI LPAREN condicion . RPAREN LBLOCK lista_sentencia RBLOCK NO LBLOCK lista_sentencia RBLOCK

    RPAREN          shift and go to state 45


state 33

    (30) condicion -> expr . condiciones expr
    (18) expr -> expr . MAS expr
    (23) condiciones -> . MENOR
    (24) condiciones -> . MENORIGUAL
    (25) condiciones -> . MAYOR
    (26) condiciones -> . MAYORIGUAL
    (27) condiciones -> . ASIGNAR
    (28) condiciones -> . IGUALDAD
    (29) condiciones -> . DISTINTO

    MAS             shift and go to state 40
    MENOR           shift and go to state 47
    MENORIGUAL      shift and go to state 48
    MAYOR           shift and go to state 49
    MAYORIGUAL      shift and go to state 50
    ASIGNAR         shift and go to state 51
    IGUALDAD        shift and go to state 52
    DISTINTO        shift and go to state 53

    condiciones                    shift and go to state 46

state 34

    (33) sentencia_mientras -> MIENTRAS LPAREN condicion . RPAREN LBLOCK lista_sentencia RBLOCK

    RPAREN          shift and go to state 54


state 35

    (34) sentencia_mientras -> HAZ LBLOCK lista_sentencia . RBLOCK MIENTRAS LPAREN condicion RPAREN PUNTOYCOMA
    (40) lista_sentencia -> lista_sentencia . sentencia
    (36) sentencia -> . sentencia_si
    (37) sentencia -> . sentencia_mientras
    (38) sentencia -> . sentencia_para
    (39) sentencia -> . statement
    (31) sentencia_si -> . SI LPAREN condicion RPAREN LBLOCK lista_sentencia RBLOCK
    (32) sentencia_si -> . SI LPAREN condicion RPAREN LBLOCK lista_sentencia RBLOCK NO LBLOCK lista_sentencia RBLOCK
    (33) sentencia_mientras -> . MIENTRAS LPAREN condicion RPAREN LBLOCK lista_sentencia RBLOCK
    (34) sentencia_mientras -> . HAZ LBLOCK lista_sentencia RBLOCK MIENTRAS LPAREN condicion RPAREN PUNTOYCOMA
    (35) sentencia_para -> . PARA LPAREN asignacion condicion PUNTOYCOMA asignacion RPAREN LBLOCK lista_sentencia RBLOCK
    (5) statement -> . asignacion
    (11) statement -> . LEER DOSPUNTOS expr
    (12) statement -> . IMPRIMIR DOSPUNTOS expr
    (6) asignacion -> . ID ASIGNAR expr PUNTOYCOMA

    RBLOCK          shift and go to state 55
    SI              shift and go to state 10
    MIENTRAS        shift and go to state 11
    HAZ             shift and go to state 12
    PARA            shift and go to state 13
    LEER            shift and go to state 8
    IMPRIMIR        shift and go to state 9
    ID              shift and go to state 14

    sentencia                      shift and go to state 56
    sentencia_si                   shift and go to state 4
    sentencia_mientras             shift and go to state 5
    sentencia_para                 shift and go to state 6
    statement                      shift and go to state 37
    asignacion                     shift and go to state 7

state 36

    (41) lista_sentencia -> sentencia .

    RBLOCK          reduce using rule 41 (lista_sentencia -> sentencia .)
    SI              reduce using rule 41 (lista_sentencia -> sentencia .)
    MIENTRAS        reduce using rule 41 (lista_sentencia -> sentencia .)
    HAZ             reduce using rule 41 (lista_sentencia -> sentencia .)
    PARA            reduce using rule 41 (lista_sentencia -> sentencia .)
    LEER            reduce using rule 41 (lista_sentencia -> sentencia .)
    IMPRIMIR        reduce using rule 41 (lista_sentencia -> sentencia .)
    ID              reduce using rule 41 (lista_sentencia -> sentencia .)


state 37

    (39) sentencia -> statement .

    RBLOCK          reduce using rule 39 (sentencia -> statement .)
    SI              reduce using rule 39 (sentencia -> statement .)
    MIENTRAS        reduce using rule 39 (sentencia -> statement .)
    HAZ             reduce using rule 39 (sentencia -> statement .)
    PARA            reduce using rule 39 (sentencia -> statement .)
    LEER            reduce using rule 39 (sentencia -> statement .)
    IMPRIMIR        reduce using rule 39 (sentencia -> statement .)
    ID              reduce using rule 39 (sentencia -> statement .)


state 38

    (35) sentencia_para -> PARA LPAREN asignacion . condicion PUNTOYCOMA asignacion RPAREN LBLOCK lista_sentencia RBLOCK
    (30) condicion -> . expr condiciones expr
    (13) expr -> . ID
    (14) expr -> . NUMERICO
    (15) expr -> . CADENA
    (16) expr -> . CARACTER
    (17) expr -> . ESTADO
    (18) expr -> . expr MAS expr
    (19) expr -> . NUMERICO MULTIPLICAR NUMERICO
    (20) expr -> . NUMERICO DIVIDIR NUMERICO
    (21) expr -> . NUMERICO MENOS NUMERICO
    (22) expr -> . LPAREN expr RPAREN

    ID              shift and go to state 25
    NUMERICO        shift and go to state 26
    CADENA          shift and go to state 27
    CARACTER        shift and go to state 28
    ESTADO          shift and go to state 29
    LPAREN          shift and go to state 30

    condicion                      shift and go to state 57
    expr                           shift and go to state 33

state 39

    (6) asignacion -> ID ASIGNAR expr . PUNTOYCOMA
    (18) expr -> expr . MAS expr

    PUNTOYCOMA      shift and go to state 58
    MAS             shift and go to state 40


state 40

    (18) expr -> expr MAS . expr
    (13) expr -> . ID
    (14) expr -> . NUMERICO
    (15) expr -> . CADENA
    (16) expr -> . CARACTER
    (17) expr -> . ESTADO
    (18) expr -> . expr MAS expr
    (19) expr -> . NUMERICO MULTIPLICAR NUMERICO
    (20) expr -> . NUMERICO DIVIDIR NUMERICO
    (21) expr -> . NUMERICO MENOS NUMERICO
    (22) expr -> . LPAREN expr RPAREN

    ID              shift and go to state 25
    NUMERICO        shift and go to state 26
    CADENA          shift and go to state 27
    CARACTER        shift and go to state 28
    ESTADO          shift and go to state 29
    LPAREN          shift and go to state 30

    expr                           shift and go to state 59

state 41

    (19) expr -> NUMERICO MULTIPLICAR . NUMERICO

    NUMERICO        shift and go to state 60


state 42

    (20) expr -> NUMERICO DIVIDIR . NUMERICO

    NUMERICO        shift and go to state 61


state 43

    (21) expr -> NUMERICO MENOS . NUMERICO

    NUMERICO        shift and go to state 62


state 44

    (22) expr -> LPAREN expr . RPAREN
    (18) expr -> expr . MAS expr

    RPAREN          shift and go to state 63
    MAS             shift and go to state 40


state 45

    (31) sentencia_si -> SI LPAREN condicion RPAREN . LBLOCK lista_sentencia RBLOCK
    (32) sentencia_si -> SI LPAREN condicion RPAREN . LBLOCK lista_sentencia RBLOCK NO LBLOCK lista_sentencia RBLOCK

    LBLOCK          shift and go to state 64


state 46

    (30) condicion -> expr condiciones . expr
    (13) expr -> . ID
    (14) expr -> . NUMERICO
    (15) expr -> . CADENA
    (16) expr -> . CARACTER
    (17) expr -> . ESTADO
    (18) expr -> . expr MAS expr
    (19) expr -> . NUMERICO MULTIPLICAR NUMERICO
    (20) expr -> . NUMERICO DIVIDIR NUMERICO
    (21) expr -> . NUMERICO MENOS NUMERICO
    (22) expr -> . LPAREN expr RPAREN

    ID              shift and go to state 25
    NUMERICO        shift and go to state 26
    CADENA          shift and go to state 27
    CARACTER        shift and go to state 28
    ESTADO          shift and go to state 29
    LPAREN          shift and go to state 30

    expr                           shift and go to state 65

state 47

    (23) condiciones -> MENOR .

    ID              reduce using rule 23 (condiciones -> MENOR .)
    NUMERICO        reduce using rule 23 (condiciones -> MENOR .)
    CADENA          reduce using rule 23 (condiciones -> MENOR .)
    CARACTER        reduce using rule 23 (condiciones -> MENOR .)
    ESTADO          reduce using rule 23 (condiciones -> MENOR .)
    LPAREN          reduce using rule 23 (condiciones -> MENOR .)


state 48

    (24) condiciones -> MENORIGUAL .

    ID              reduce using rule 24 (condiciones -> MENORIGUAL .)
    NUMERICO        reduce using rule 24 (condiciones -> MENORIGUAL .)
    CADENA          reduce using rule 24 (condiciones -> MENORIGUAL .)
    CARACTER        reduce using rule 24 (condiciones -> MENORIGUAL .)
    ESTADO          reduce using rule 24 (condiciones -> MENORIGUAL .)
    LPAREN          reduce using rule 24 (condiciones -> MENORIGUAL .)


state 49

    (25) condiciones -> MAYOR .

    ID              reduce using rule 25 (condiciones -> MAYOR .)
    NUMERICO        reduce using rule 25 (condiciones -> MAYOR .)
    CADENA          reduce using rule 25 (condiciones -> MAYOR .)
    CARACTER        reduce using rule 25 (condiciones -> MAYOR .)
    ESTADO          reduce using rule 25 (condiciones -> MAYOR .)
    LPAREN          reduce using rule 25 (condiciones -> MAYOR .)


state 50

    (26) condiciones -> MAYORIGUAL .

    ID              reduce using rule 26 (condiciones -> MAYORIGUAL .)
    NUMERICO        reduce using rule 26 (condiciones -> MAYORIGUAL .)
    CADENA          reduce using rule 26 (condiciones -> MAYORIGUAL .)
    CARACTER        reduce using rule 26 (condiciones -> MAYORIGUAL .)
    ESTADO          reduce using rule 26 (condiciones -> MAYORIGUAL .)
    LPAREN          reduce using rule 26 (condiciones -> MAYORIGUAL .)


state 51

    (27) condiciones -> ASIGNAR .

    ID              reduce using rule 27 (condiciones -> ASIGNAR .)
    NUMERICO        reduce using rule 27 (condiciones -> ASIGNAR .)
    CADENA          reduce using rule 27 (condiciones -> ASIGNAR .)
    CARACTER        reduce using rule 27 (condiciones -> ASIGNAR .)
    ESTADO          reduce using rule 27 (condiciones -> ASIGNAR .)
    LPAREN          reduce using rule 27 (condiciones -> ASIGNAR .)


state 52

    (28) condiciones -> IGUALDAD .

    ID              reduce using rule 28 (condiciones -> IGUALDAD .)
    NUMERICO        reduce using rule 28 (condiciones -> IGUALDAD .)
    CADENA          reduce using rule 28 (condiciones -> IGUALDAD .)
    CARACTER        reduce using rule 28 (condiciones -> IGUALDAD .)
    ESTADO          reduce using rule 28 (condiciones -> IGUALDAD .)
    LPAREN          reduce using rule 28 (condiciones -> IGUALDAD .)


state 53

    (29) condiciones -> DISTINTO .

    ID              reduce using rule 29 (condiciones -> DISTINTO .)
    NUMERICO        reduce using rule 29 (condiciones -> DISTINTO .)
    CADENA          reduce using rule 29 (condiciones -> DISTINTO .)
    CARACTER        reduce using rule 29 (condiciones -> DISTINTO .)
    ESTADO          reduce using rule 29 (condiciones -> DISTINTO .)
    LPAREN          reduce using rule 29 (condiciones -> DISTINTO .)


state 54

    (33) sentencia_mientras -> MIENTRAS LPAREN condicion RPAREN . LBLOCK lista_sentencia RBLOCK

    LBLOCK          shift and go to state 66


state 55

    (34) sentencia_mientras -> HAZ LBLOCK lista_sentencia RBLOCK . MIENTRAS LPAREN condicion RPAREN PUNTOYCOMA

    MIENTRAS        shift and go to state 67


state 56

    (40) lista_sentencia -> lista_sentencia sentencia .

    RBLOCK          reduce using rule 40 (lista_sentencia -> lista_sentencia sentencia .)
    SI              reduce using rule 40 (lista_sentencia -> lista_sentencia sentencia .)
    MIENTRAS        reduce using rule 40 (lista_sentencia -> lista_sentencia sentencia .)
    HAZ             reduce using rule 40 (lista_sentencia -> lista_sentencia sentencia .)
    PARA            reduce using rule 40 (lista_sentencia -> lista_sentencia sentencia .)
    LEER            reduce using rule 40 (lista_sentencia -> lista_sentencia sentencia .)
    IMPRIMIR        reduce using rule 40 (lista_sentencia -> lista_sentencia sentencia .)
    ID              reduce using rule 40 (lista_sentencia -> lista_sentencia sentencia .)


state 57

    (35) sentencia_para -> PARA LPAREN asignacion condicion . PUNTOYCOMA asignacion RPAREN LBLOCK lista_sentencia RBLOCK

    PUNTOYCOMA      shift and go to state 68


state 58

    (6) asignacion -> ID ASIGNAR expr PUNTOYCOMA .

    LEER            reduce using rule 6 (asignacion -> ID ASIGNAR expr PUNTOYCOMA .)
    IMPRIMIR        reduce using rule 6 (asignacion -> ID ASIGNAR expr PUNTOYCOMA .)
    ID              reduce using rule 6 (asignacion -> ID ASIGNAR expr PUNTOYCOMA .)
    SI              reduce using rule 6 (asignacion -> ID ASIGNAR expr PUNTOYCOMA .)
    MIENTRAS        reduce using rule 6 (asignacion -> ID ASIGNAR expr PUNTOYCOMA .)
    HAZ             reduce using rule 6 (asignacion -> ID ASIGNAR expr PUNTOYCOMA .)
    PARA            reduce using rule 6 (asignacion -> ID ASIGNAR expr PUNTOYCOMA .)
    $end            reduce using rule 6 (asignacion -> ID ASIGNAR expr PUNTOYCOMA .)
    RBLOCK          reduce using rule 6 (asignacion -> ID ASIGNAR expr PUNTOYCOMA .)
    NUMERICO        reduce using rule 6 (asignacion -> ID ASIGNAR expr PUNTOYCOMA .)
    CADENA          reduce using rule 6 (asignacion -> ID ASIGNAR expr PUNTOYCOMA .)
    CARACTER        reduce using rule 6 (asignacion -> ID ASIGNAR expr PUNTOYCOMA .)
    ESTADO          reduce using rule 6 (asignacion -> ID ASIGNAR expr PUNTOYCOMA .)
    LPAREN          reduce using rule 6 (asignacion -> ID ASIGNAR expr PUNTOYCOMA .)
    RPAREN          reduce using rule 6 (asignacion -> ID ASIGNAR expr PUNTOYCOMA .)


state 59

    (18) expr -> expr MAS expr .
    (18) expr -> expr . MAS expr

  ! shift/reduce conflict for MAS resolved as shift
    LEER            reduce using rule 18 (expr -> expr MAS expr .)
    IMPRIMIR        reduce using rule 18 (expr -> expr MAS expr .)
    ID              reduce using rule 18 (expr -> expr MAS expr .)
    SI              reduce using rule 18 (expr -> expr MAS expr .)
    MIENTRAS        reduce using rule 18 (expr -> expr MAS expr .)
    HAZ             reduce using rule 18 (expr -> expr MAS expr .)
    PARA            reduce using rule 18 (expr -> expr MAS expr .)
    $end            reduce using rule 18 (expr -> expr MAS expr .)
    RBLOCK          reduce using rule 18 (expr -> expr MAS expr .)
    MENOR           reduce using rule 18 (expr -> expr MAS expr .)
    MENORIGUAL      reduce using rule 18 (expr -> expr MAS expr .)
    MAYOR           reduce using rule 18 (expr -> expr MAS expr .)
    MAYORIGUAL      reduce using rule 18 (expr -> expr MAS expr .)
    ASIGNAR         reduce using rule 18 (expr -> expr MAS expr .)
    IGUALDAD        reduce using rule 18 (expr -> expr MAS expr .)
    DISTINTO        reduce using rule 18 (expr -> expr MAS expr .)
    PUNTOYCOMA      reduce using rule 18 (expr -> expr MAS expr .)
    RPAREN          reduce using rule 18 (expr -> expr MAS expr .)
    MAS             shift and go to state 40

  ! MAS             [ reduce using rule 18 (expr -> expr MAS expr .) ]


state 60

    (19) expr -> NUMERICO MULTIPLICAR NUMERICO .

    MAS             reduce using rule 19 (expr -> NUMERICO MULTIPLICAR NUMERICO .)
    LEER            reduce using rule 19 (expr -> NUMERICO MULTIPLICAR NUMERICO .)
    IMPRIMIR        reduce using rule 19 (expr -> NUMERICO MULTIPLICAR NUMERICO .)
    ID              reduce using rule 19 (expr -> NUMERICO MULTIPLICAR NUMERICO .)
    SI              reduce using rule 19 (expr -> NUMERICO MULTIPLICAR NUMERICO .)
    MIENTRAS        reduce using rule 19 (expr -> NUMERICO MULTIPLICAR NUMERICO .)
    HAZ             reduce using rule 19 (expr -> NUMERICO MULTIPLICAR NUMERICO .)
    PARA            reduce using rule 19 (expr -> NUMERICO MULTIPLICAR NUMERICO .)
    $end            reduce using rule 19 (expr -> NUMERICO MULTIPLICAR NUMERICO .)
    RBLOCK          reduce using rule 19 (expr -> NUMERICO MULTIPLICAR NUMERICO .)
    MENOR           reduce using rule 19 (expr -> NUMERICO MULTIPLICAR NUMERICO .)
    MENORIGUAL      reduce using rule 19 (expr -> NUMERICO MULTIPLICAR NUMERICO .)
    MAYOR           reduce using rule 19 (expr -> NUMERICO MULTIPLICAR NUMERICO .)
    MAYORIGUAL      reduce using rule 19 (expr -> NUMERICO MULTIPLICAR NUMERICO .)
    ASIGNAR         reduce using rule 19 (expr -> NUMERICO MULTIPLICAR NUMERICO .)
    IGUALDAD        reduce using rule 19 (expr -> NUMERICO MULTIPLICAR NUMERICO .)
    DISTINTO        reduce using rule 19 (expr -> NUMERICO MULTIPLICAR NUMERICO .)
    PUNTOYCOMA      reduce using rule 19 (expr -> NUMERICO MULTIPLICAR NUMERICO .)
    RPAREN          reduce using rule 19 (expr -> NUMERICO MULTIPLICAR NUMERICO .)


state 61

    (20) expr -> NUMERICO DIVIDIR NUMERICO .

    MAS             reduce using rule 20 (expr -> NUMERICO DIVIDIR NUMERICO .)
    LEER            reduce using rule 20 (expr -> NUMERICO DIVIDIR NUMERICO .)
    IMPRIMIR        reduce using rule 20 (expr -> NUMERICO DIVIDIR NUMERICO .)
    ID              reduce using rule 20 (expr -> NUMERICO DIVIDIR NUMERICO .)
    SI              reduce using rule 20 (expr -> NUMERICO DIVIDIR NUMERICO .)
    MIENTRAS        reduce using rule 20 (expr -> NUMERICO DIVIDIR NUMERICO .)
    HAZ             reduce using rule 20 (expr -> NUMERICO DIVIDIR NUMERICO .)
    PARA            reduce using rule 20 (expr -> NUMERICO DIVIDIR NUMERICO .)
    $end            reduce using rule 20 (expr -> NUMERICO DIVIDIR NUMERICO .)
    RBLOCK          reduce using rule 20 (expr -> NUMERICO DIVIDIR NUMERICO .)
    MENOR           reduce using rule 20 (expr -> NUMERICO DIVIDIR NUMERICO .)
    MENORIGUAL      reduce using rule 20 (expr -> NUMERICO DIVIDIR NUMERICO .)
    MAYOR           reduce using rule 20 (expr -> NUMERICO DIVIDIR NUMERICO .)
    MAYORIGUAL      reduce using rule 20 (expr -> NUMERICO DIVIDIR NUMERICO .)
    ASIGNAR         reduce using rule 20 (expr -> NUMERICO DIVIDIR NUMERICO .)
    IGUALDAD        reduce using rule 20 (expr -> NUMERICO DIVIDIR NUMERICO .)
    DISTINTO        reduce using rule 20 (expr -> NUMERICO DIVIDIR NUMERICO .)
    PUNTOYCOMA      reduce using rule 20 (expr -> NUMERICO DIVIDIR NUMERICO .)
    RPAREN          reduce using rule 20 (expr -> NUMERICO DIVIDIR NUMERICO .)


state 62

    (21) expr -> NUMERICO MENOS NUMERICO .

    MAS             reduce using rule 21 (expr -> NUMERICO MENOS NUMERICO .)
    LEER            reduce using rule 21 (expr -> NUMERICO MENOS NUMERICO .)
    IMPRIMIR        reduce using rule 21 (expr -> NUMERICO MENOS NUMERICO .)
    ID              reduce using rule 21 (expr -> NUMERICO MENOS NUMERICO .)
    SI              reduce using rule 21 (expr -> NUMERICO MENOS NUMERICO .)
    MIENTRAS        reduce using rule 21 (expr -> NUMERICO MENOS NUMERICO .)
    HAZ             reduce using rule 21 (expr -> NUMERICO MENOS NUMERICO .)
    PARA            reduce using rule 21 (expr -> NUMERICO MENOS NUMERICO .)
    $end            reduce using rule 21 (expr -> NUMERICO MENOS NUMERICO .)
    RBLOCK          reduce using rule 21 (expr -> NUMERICO MENOS NUMERICO .)
    MENOR           reduce using rule 21 (expr -> NUMERICO MENOS NUMERICO .)
    MENORIGUAL      reduce using rule 21 (expr -> NUMERICO MENOS NUMERICO .)
    MAYOR           reduce using rule 21 (expr -> NUMERICO MENOS NUMERICO .)
    MAYORIGUAL      reduce using rule 21 (expr -> NUMERICO MENOS NUMERICO .)
    ASIGNAR         reduce using rule 21 (expr -> NUMERICO MENOS NUMERICO .)
    IGUALDAD        reduce using rule 21 (expr -> NUMERICO MENOS NUMERICO .)
    DISTINTO        reduce using rule 21 (expr -> NUMERICO MENOS NUMERICO .)
    PUNTOYCOMA      reduce using rule 21 (expr -> NUMERICO MENOS NUMERICO .)
    RPAREN          reduce using rule 21 (expr -> NUMERICO MENOS NUMERICO .)


state 63

    (22) expr -> LPAREN expr RPAREN .

    MAS             reduce using rule 22 (expr -> LPAREN expr RPAREN .)
    LEER            reduce using rule 22 (expr -> LPAREN expr RPAREN .)
    IMPRIMIR        reduce using rule 22 (expr -> LPAREN expr RPAREN .)
    ID              reduce using rule 22 (expr -> LPAREN expr RPAREN .)
    SI              reduce using rule 22 (expr -> LPAREN expr RPAREN .)
    MIENTRAS        reduce using rule 22 (expr -> LPAREN expr RPAREN .)
    HAZ             reduce using rule 22 (expr -> LPAREN expr RPAREN .)
    PARA            reduce using rule 22 (expr -> LPAREN expr RPAREN .)
    $end            reduce using rule 22 (expr -> LPAREN expr RPAREN .)
    RBLOCK          reduce using rule 22 (expr -> LPAREN expr RPAREN .)
    MENOR           reduce using rule 22 (expr -> LPAREN expr RPAREN .)
    MENORIGUAL      reduce using rule 22 (expr -> LPAREN expr RPAREN .)
    MAYOR           reduce using rule 22 (expr -> LPAREN expr RPAREN .)
    MAYORIGUAL      reduce using rule 22 (expr -> LPAREN expr RPAREN .)
    ASIGNAR         reduce using rule 22 (expr -> LPAREN expr RPAREN .)
    IGUALDAD        reduce using rule 22 (expr -> LPAREN expr RPAREN .)
    DISTINTO        reduce using rule 22 (expr -> LPAREN expr RPAREN .)
    PUNTOYCOMA      reduce using rule 22 (expr -> LPAREN expr RPAREN .)
    RPAREN          reduce using rule 22 (expr -> LPAREN expr RPAREN .)


state 64

    (31) sentencia_si -> SI LPAREN condicion RPAREN LBLOCK . lista_sentencia RBLOCK
    (32) sentencia_si -> SI LPAREN condicion RPAREN LBLOCK . lista_sentencia RBLOCK NO LBLOCK lista_sentencia RBLOCK
    (40) lista_sentencia -> . lista_sentencia sentencia
    (41) lista_sentencia -> . sentencia
    (36) sentencia -> . sentencia_si
    (37) sentencia -> . sentencia_mientras
    (38) sentencia -> . sentencia_para
    (39) sentencia -> . statement
    (31) sentencia_si -> . SI LPAREN condicion RPAREN LBLOCK lista_sentencia RBLOCK
    (32) sentencia_si -> . SI LPAREN condicion RPAREN LBLOCK lista_sentencia RBLOCK NO LBLOCK lista_sentencia RBLOCK
    (33) sentencia_mientras -> . MIENTRAS LPAREN condicion RPAREN LBLOCK lista_sentencia RBLOCK
    (34) sentencia_mientras -> . HAZ LBLOCK lista_sentencia RBLOCK MIENTRAS LPAREN condicion RPAREN PUNTOYCOMA
    (35) sentencia_para -> . PARA LPAREN asignacion condicion PUNTOYCOMA asignacion RPAREN LBLOCK lista_sentencia RBLOCK
    (5) statement -> . asignacion
    (11) statement -> . LEER DOSPUNTOS expr
    (12) statement -> . IMPRIMIR DOSPUNTOS expr
    (6) asignacion -> . ID ASIGNAR expr PUNTOYCOMA

    SI              shift and go to state 10
    MIENTRAS        shift and go to state 11
    HAZ             shift and go to state 12
    PARA            shift and go to state 13
    LEER            shift and go to state 8
    IMPRIMIR        shift and go to state 9
    ID              shift and go to state 14

    lista_sentencia                shift and go to state 69
    sentencia                      shift and go to state 36
    sentencia_si                   shift and go to state 4
    sentencia_mientras             shift and go to state 5
    sentencia_para                 shift and go to state 6
    statement                      shift and go to state 37
    asignacion                     shift and go to state 7

state 65

    (30) condicion -> expr condiciones expr .
    (18) expr -> expr . MAS expr

    RPAREN          reduce using rule 30 (condicion -> expr condiciones expr .)
    PUNTOYCOMA      reduce using rule 30 (condicion -> expr condiciones expr .)
    MAS             shift and go to state 40


state 66

    (33) sentencia_mientras -> MIENTRAS LPAREN condicion RPAREN LBLOCK . lista_sentencia RBLOCK
    (40) lista_sentencia -> . lista_sentencia sentencia
    (41) lista_sentencia -> . sentencia
    (36) sentencia -> . sentencia_si
    (37) sentencia -> . sentencia_mientras
    (38) sentencia -> . sentencia_para
    (39) sentencia -> . statement
    (31) sentencia_si -> . SI LPAREN condicion RPAREN LBLOCK lista_sentencia RBLOCK
    (32) sentencia_si -> . SI LPAREN condicion RPAREN LBLOCK lista_sentencia RBLOCK NO LBLOCK lista_sentencia RBLOCK
    (33) sentencia_mientras -> . MIENTRAS LPAREN condicion RPAREN LBLOCK lista_sentencia RBLOCK
    (34) sentencia_mientras -> . HAZ LBLOCK lista_sentencia RBLOCK MIENTRAS LPAREN condicion RPAREN PUNTOYCOMA
    (35) sentencia_para -> . PARA LPAREN asignacion condicion PUNTOYCOMA asignacion RPAREN LBLOCK lista_sentencia RBLOCK
    (5) statement -> . asignacion
    (11) statement -> . LEER DOSPUNTOS expr
    (12) statement -> . IMPRIMIR DOSPUNTOS expr
    (6) asignacion -> . ID ASIGNAR expr PUNTOYCOMA

    SI              shift and go to state 10
    MIENTRAS        shift and go to state 11
    HAZ             shift and go to state 12
    PARA            shift and go to state 13
    LEER            shift and go to state 8
    IMPRIMIR        shift and go to state 9
    ID              shift and go to state 14

    lista_sentencia                shift and go to state 70
    sentencia                      shift and go to state 36
    sentencia_si                   shift and go to state 4
    sentencia_mientras             shift and go to state 5
    sentencia_para                 shift and go to state 6
    statement                      shift and go to state 37
    asignacion                     shift and go to state 7

state 67

    (34) sentencia_mientras -> HAZ LBLOCK lista_sentencia RBLOCK MIENTRAS . LPAREN condicion RPAREN PUNTOYCOMA

    LPAREN          shift and go to state 71


state 68

    (35) sentencia_para -> PARA LPAREN asignacion condicion PUNTOYCOMA . asignacion RPAREN LBLOCK lista_sentencia RBLOCK
    (6) asignacion -> . ID ASIGNAR expr PUNTOYCOMA

    ID              shift and go to state 14

    asignacion                     shift and go to state 72

state 69

    (31) sentencia_si -> SI LPAREN condicion RPAREN LBLOCK lista_sentencia . RBLOCK
    (32) sentencia_si -> SI LPAREN condicion RPAREN LBLOCK lista_sentencia . RBLOCK NO LBLOCK lista_sentencia RBLOCK
    (40) lista_sentencia -> lista_sentencia . sentencia
    (36) sentencia -> . sentencia_si
    (37) sentencia -> . sentencia_mientras
    (38) sentencia -> . sentencia_para
    (39) sentencia -> . statement
    (31) sentencia_si -> . SI LPAREN condicion RPAREN LBLOCK lista_sentencia RBLOCK
    (32) sentencia_si -> . SI LPAREN condicion RPAREN LBLOCK lista_sentencia RBLOCK NO LBLOCK lista_sentencia RBLOCK
    (33) sentencia_mientras -> . MIENTRAS LPAREN condicion RPAREN LBLOCK lista_sentencia RBLOCK
    (34) sentencia_mientras -> . HAZ LBLOCK lista_sentencia RBLOCK MIENTRAS LPAREN condicion RPAREN PUNTOYCOMA
    (35) sentencia_para -> . PARA LPAREN asignacion condicion PUNTOYCOMA asignacion RPAREN LBLOCK lista_sentencia RBLOCK
    (5) statement -> . asignacion
    (11) statement -> . LEER DOSPUNTOS expr
    (12) statement -> . IMPRIMIR DOSPUNTOS expr
    (6) asignacion -> . ID ASIGNAR expr PUNTOYCOMA

    RBLOCK          shift and go to state 73
    SI              shift and go to state 10
    MIENTRAS        shift and go to state 11
    HAZ             shift and go to state 12
    PARA            shift and go to state 13
    LEER            shift and go to state 8
    IMPRIMIR        shift and go to state 9
    ID              shift and go to state 14

    sentencia                      shift and go to state 56
    sentencia_si                   shift and go to state 4
    sentencia_mientras             shift and go to state 5
    sentencia_para                 shift and go to state 6
    statement                      shift and go to state 37
    asignacion                     shift and go to state 7

state 70

    (33) sentencia_mientras -> MIENTRAS LPAREN condicion RPAREN LBLOCK lista_sentencia . RBLOCK
    (40) lista_sentencia -> lista_sentencia . sentencia
    (36) sentencia -> . sentencia_si
    (37) sentencia -> . sentencia_mientras
    (38) sentencia -> . sentencia_para
    (39) sentencia -> . statement
    (31) sentencia_si -> . SI LPAREN condicion RPAREN LBLOCK lista_sentencia RBLOCK
    (32) sentencia_si -> . SI LPAREN condicion RPAREN LBLOCK lista_sentencia RBLOCK NO LBLOCK lista_sentencia RBLOCK
    (33) sentencia_mientras -> . MIENTRAS LPAREN condicion RPAREN LBLOCK lista_sentencia RBLOCK
    (34) sentencia_mientras -> . HAZ LBLOCK lista_sentencia RBLOCK MIENTRAS LPAREN condicion RPAREN PUNTOYCOMA
    (35) sentencia_para -> . PARA LPAREN asignacion condicion PUNTOYCOMA asignacion RPAREN LBLOCK lista_sentencia RBLOCK
    (5) statement -> . asignacion
    (11) statement -> . LEER DOSPUNTOS expr
    (12) statement -> . IMPRIMIR DOSPUNTOS expr
    (6) asignacion -> . ID ASIGNAR expr PUNTOYCOMA

    RBLOCK          shift and go to state 74
    SI              shift and go to state 10
    MIENTRAS        shift and go to state 11
    HAZ             shift and go to state 12
    PARA            shift and go to state 13
    LEER            shift and go to state 8
    IMPRIMIR        shift and go to state 9
    ID              shift and go to state 14

    sentencia                      shift and go to state 56
    sentencia_si                   shift and go to state 4
    sentencia_mientras             shift and go to state 5
    sentencia_para                 shift and go to state 6
    statement                      shift and go to state 37
    asignacion                     shift and go to state 7

state 71

    (34) sentencia_mientras -> HAZ LBLOCK lista_sentencia RBLOCK MIENTRAS LPAREN . condicion RPAREN PUNTOYCOMA
    (30) condicion -> . expr condiciones expr
    (13) expr -> . ID
    (14) expr -> . NUMERICO
    (15) expr -> . CADENA
    (16) expr -> . CARACTER
    (17) expr -> . ESTADO
    (18) expr -> . expr MAS expr
    (19) expr -> . NUMERICO MULTIPLICAR NUMERICO
    (20) expr -> . NUMERICO DIVIDIR NUMERICO
    (21) expr -> . NUMERICO MENOS NUMERICO
    (22) expr -> . LPAREN expr RPAREN

    ID              shift and go to state 25
    NUMERICO        shift and go to state 26
    CADENA          shift and go to state 27
    CARACTER        shift and go to state 28
    ESTADO          shift and go to state 29
    LPAREN          shift and go to state 30

    condicion                      shift and go to state 75
    expr                           shift and go to state 33

state 72

    (35) sentencia_para -> PARA LPAREN asignacion condicion PUNTOYCOMA asignacion . RPAREN LBLOCK lista_sentencia RBLOCK

    RPAREN          shift and go to state 76


state 73

    (31) sentencia_si -> SI LPAREN condicion RPAREN LBLOCK lista_sentencia RBLOCK .
    (32) sentencia_si -> SI LPAREN condicion RPAREN LBLOCK lista_sentencia RBLOCK . NO LBLOCK lista_sentencia RBLOCK

    LEER            reduce using rule 31 (sentencia_si -> SI LPAREN condicion RPAREN LBLOCK lista_sentencia RBLOCK .)
    IMPRIMIR        reduce using rule 31 (sentencia_si -> SI LPAREN condicion RPAREN LBLOCK lista_sentencia RBLOCK .)
    ID              reduce using rule 31 (sentencia_si -> SI LPAREN condicion RPAREN LBLOCK lista_sentencia RBLOCK .)
    SI              reduce using rule 31 (sentencia_si -> SI LPAREN condicion RPAREN LBLOCK lista_sentencia RBLOCK .)
    MIENTRAS        reduce using rule 31 (sentencia_si -> SI LPAREN condicion RPAREN LBLOCK lista_sentencia RBLOCK .)
    HAZ             reduce using rule 31 (sentencia_si -> SI LPAREN condicion RPAREN LBLOCK lista_sentencia RBLOCK .)
    PARA            reduce using rule 31 (sentencia_si -> SI LPAREN condicion RPAREN LBLOCK lista_sentencia RBLOCK .)
    $end            reduce using rule 31 (sentencia_si -> SI LPAREN condicion RPAREN LBLOCK lista_sentencia RBLOCK .)
    RBLOCK          reduce using rule 31 (sentencia_si -> SI LPAREN condicion RPAREN LBLOCK lista_sentencia RBLOCK .)
    NO              shift and go to state 77


state 74

    (33) sentencia_mientras -> MIENTRAS LPAREN condicion RPAREN LBLOCK lista_sentencia RBLOCK .

    LEER            reduce using rule 33 (sentencia_mientras -> MIENTRAS LPAREN condicion RPAREN LBLOCK lista_sentencia RBLOCK .)
    IMPRIMIR        reduce using rule 33 (sentencia_mientras -> MIENTRAS LPAREN condicion RPAREN LBLOCK lista_sentencia RBLOCK .)
    ID              reduce using rule 33 (sentencia_mientras -> MIENTRAS LPAREN condicion RPAREN LBLOCK lista_sentencia RBLOCK .)
    SI              reduce using rule 33 (sentencia_mientras -> MIENTRAS LPAREN condicion RPAREN LBLOCK lista_sentencia RBLOCK .)
    MIENTRAS        reduce using rule 33 (sentencia_mientras -> MIENTRAS LPAREN condicion RPAREN LBLOCK lista_sentencia RBLOCK .)
    HAZ             reduce using rule 33 (sentencia_mientras -> MIENTRAS LPAREN condicion RPAREN LBLOCK lista_sentencia RBLOCK .)
    PARA            reduce using rule 33 (sentencia_mientras -> MIENTRAS LPAREN condicion RPAREN LBLOCK lista_sentencia RBLOCK .)
    $end            reduce using rule 33 (sentencia_mientras -> MIENTRAS LPAREN condicion RPAREN LBLOCK lista_sentencia RBLOCK .)
    RBLOCK          reduce using rule 33 (sentencia_mientras -> MIENTRAS LPAREN condicion RPAREN LBLOCK lista_sentencia RBLOCK .)


state 75

    (34) sentencia_mientras -> HAZ LBLOCK lista_sentencia RBLOCK MIENTRAS LPAREN condicion . RPAREN PUNTOYCOMA

    RPAREN          shift and go to state 78


state 76

    (35) sentencia_para -> PARA LPAREN asignacion condicion PUNTOYCOMA asignacion RPAREN . LBLOCK lista_sentencia RBLOCK

    LBLOCK          shift and go to state 79


state 77

    (32) sentencia_si -> SI LPAREN condicion RPAREN LBLOCK lista_sentencia RBLOCK NO . LBLOCK lista_sentencia RBLOCK

    LBLOCK          shift and go to state 80


state 78

    (34) sentencia_mientras -> HAZ LBLOCK lista_sentencia RBLOCK MIENTRAS LPAREN condicion RPAREN . PUNTOYCOMA

    PUNTOYCOMA      shift and go to state 81


state 79

    (35) sentencia_para -> PARA LPAREN asignacion condicion PUNTOYCOMA asignacion RPAREN LBLOCK . lista_sentencia RBLOCK
    (40) lista_sentencia -> . lista_sentencia sentencia
    (41) lista_sentencia -> . sentencia
    (36) sentencia -> . sentencia_si
    (37) sentencia -> . sentencia_mientras
    (38) sentencia -> . sentencia_para
    (39) sentencia -> . statement
    (31) sentencia_si -> . SI LPAREN condicion RPAREN LBLOCK lista_sentencia RBLOCK
    (32) sentencia_si -> . SI LPAREN condicion RPAREN LBLOCK lista_sentencia RBLOCK NO LBLOCK lista_sentencia RBLOCK
    (33) sentencia_mientras -> . MIENTRAS LPAREN condicion RPAREN LBLOCK lista_sentencia RBLOCK
    (34) sentencia_mientras -> . HAZ LBLOCK lista_sentencia RBLOCK MIENTRAS LPAREN condicion RPAREN PUNTOYCOMA
    (35) sentencia_para -> . PARA LPAREN asignacion condicion PUNTOYCOMA asignacion RPAREN LBLOCK lista_sentencia RBLOCK
    (5) statement -> . asignacion
    (11) statement -> . LEER DOSPUNTOS expr
    (12) statement -> . IMPRIMIR DOSPUNTOS expr
    (6) asignacion -> . ID ASIGNAR expr PUNTOYCOMA

    SI              shift and go to state 10
    MIENTRAS        shift and go to state 11
    HAZ             shift and go to state 12
    PARA            shift and go to state 13
    LEER            shift and go to state 8
    IMPRIMIR        shift and go to state 9
    ID              shift and go to state 14

    asignacion                     shift and go to state 7
    lista_sentencia                shift and go to state 82
    sentencia                      shift and go to state 36
    sentencia_si                   shift and go to state 4
    sentencia_mientras             shift and go to state 5
    sentencia_para                 shift and go to state 6
    statement                      shift and go to state 37

state 80

    (32) sentencia_si -> SI LPAREN condicion RPAREN LBLOCK lista_sentencia RBLOCK NO LBLOCK . lista_sentencia RBLOCK
    (40) lista_sentencia -> . lista_sentencia sentencia
    (41) lista_sentencia -> . sentencia
    (36) sentencia -> . sentencia_si
    (37) sentencia -> . sentencia_mientras
    (38) sentencia -> . sentencia_para
    (39) sentencia -> . statement
    (31) sentencia_si -> . SI LPAREN condicion RPAREN LBLOCK lista_sentencia RBLOCK
    (32) sentencia_si -> . SI LPAREN condicion RPAREN LBLOCK lista_sentencia RBLOCK NO LBLOCK lista_sentencia RBLOCK
    (33) sentencia_mientras -> . MIENTRAS LPAREN condicion RPAREN LBLOCK lista_sentencia RBLOCK
    (34) sentencia_mientras -> . HAZ LBLOCK lista_sentencia RBLOCK MIENTRAS LPAREN condicion RPAREN PUNTOYCOMA
    (35) sentencia_para -> . PARA LPAREN asignacion condicion PUNTOYCOMA asignacion RPAREN LBLOCK lista_sentencia RBLOCK
    (5) statement -> . asignacion
    (11) statement -> . LEER DOSPUNTOS expr
    (12) statement -> . IMPRIMIR DOSPUNTOS expr
    (6) asignacion -> . ID ASIGNAR expr PUNTOYCOMA

    SI              shift and go to state 10
    MIENTRAS        shift and go to state 11
    HAZ             shift and go to state 12
    PARA            shift and go to state 13
    LEER            shift and go to state 8
    IMPRIMIR        shift and go to state 9
    ID              shift and go to state 14

    lista_sentencia                shift and go to state 83
    sentencia                      shift and go to state 36
    sentencia_si                   shift and go to state 4
    sentencia_mientras             shift and go to state 5
    sentencia_para                 shift and go to state 6
    statement                      shift and go to state 37
    asignacion                     shift and go to state 7

state 81

    (34) sentencia_mientras -> HAZ LBLOCK lista_sentencia RBLOCK MIENTRAS LPAREN condicion RPAREN PUNTOYCOMA .

    LEER            reduce using rule 34 (sentencia_mientras -> HAZ LBLOCK lista_sentencia RBLOCK MIENTRAS LPAREN condicion RPAREN PUNTOYCOMA .)
    IMPRIMIR        reduce using rule 34 (sentencia_mientras -> HAZ LBLOCK lista_sentencia RBLOCK MIENTRAS LPAREN condicion RPAREN PUNTOYCOMA .)
    ID              reduce using rule 34 (sentencia_mientras -> HAZ LBLOCK lista_sentencia RBLOCK MIENTRAS LPAREN condicion RPAREN PUNTOYCOMA .)
    SI              reduce using rule 34 (sentencia_mientras -> HAZ LBLOCK lista_sentencia RBLOCK MIENTRAS LPAREN condicion RPAREN PUNTOYCOMA .)
    MIENTRAS        reduce using rule 34 (sentencia_mientras -> HAZ LBLOCK lista_sentencia RBLOCK MIENTRAS LPAREN condicion RPAREN PUNTOYCOMA .)
    HAZ             reduce using rule 34 (sentencia_mientras -> HAZ LBLOCK lista_sentencia RBLOCK MIENTRAS LPAREN condicion RPAREN PUNTOYCOMA .)
    PARA            reduce using rule 34 (sentencia_mientras -> HAZ LBLOCK lista_sentencia RBLOCK MIENTRAS LPAREN condicion RPAREN PUNTOYCOMA .)
    $end            reduce using rule 34 (sentencia_mientras -> HAZ LBLOCK lista_sentencia RBLOCK MIENTRAS LPAREN condicion RPAREN PUNTOYCOMA .)
    RBLOCK          reduce using rule 34 (sentencia_mientras -> HAZ LBLOCK lista_sentencia RBLOCK MIENTRAS LPAREN condicion RPAREN PUNTOYCOMA .)


state 82

    (35) sentencia_para -> PARA LPAREN asignacion condicion PUNTOYCOMA asignacion RPAREN LBLOCK lista_sentencia . RBLOCK
    (40) lista_sentencia -> lista_sentencia . sentencia
    (36) sentencia -> . sentencia_si
    (37) sentencia -> . sentencia_mientras
    (38) sentencia -> . sentencia_para
    (39) sentencia -> . statement
    (31) sentencia_si -> . SI LPAREN condicion RPAREN LBLOCK lista_sentencia RBLOCK
    (32) sentencia_si -> . SI LPAREN condicion RPAREN LBLOCK lista_sentencia RBLOCK NO LBLOCK lista_sentencia RBLOCK
    (33) sentencia_mientras -> . MIENTRAS LPAREN condicion RPAREN LBLOCK lista_sentencia RBLOCK
    (34) sentencia_mientras -> . HAZ LBLOCK lista_sentencia RBLOCK MIENTRAS LPAREN condicion RPAREN PUNTOYCOMA
    (35) sentencia_para -> . PARA LPAREN asignacion condicion PUNTOYCOMA asignacion RPAREN LBLOCK lista_sentencia RBLOCK
    (5) statement -> . asignacion
    (11) statement -> . LEER DOSPUNTOS expr
    (12) statement -> . IMPRIMIR DOSPUNTOS expr
    (6) asignacion -> . ID ASIGNAR expr PUNTOYCOMA

    RBLOCK          shift and go to state 84
    SI              shift and go to state 10
    MIENTRAS        shift and go to state 11
    HAZ             shift and go to state 12
    PARA            shift and go to state 13
    LEER            shift and go to state 8
    IMPRIMIR        shift and go to state 9
    ID              shift and go to state 14

    asignacion                     shift and go to state 7
    sentencia                      shift and go to state 56
    sentencia_si                   shift and go to state 4
    sentencia_mientras             shift and go to state 5
    sentencia_para                 shift and go to state 6
    statement                      shift and go to state 37

state 83

    (32) sentencia_si -> SI LPAREN condicion RPAREN LBLOCK lista_sentencia RBLOCK NO LBLOCK lista_sentencia . RBLOCK
    (40) lista_sentencia -> lista_sentencia . sentencia
    (36) sentencia -> . sentencia_si
    (37) sentencia -> . sentencia_mientras
    (38) sentencia -> . sentencia_para
    (39) sentencia -> . statement
    (31) sentencia_si -> . SI LPAREN condicion RPAREN LBLOCK lista_sentencia RBLOCK
    (32) sentencia_si -> . SI LPAREN condicion RPAREN LBLOCK lista_sentencia RBLOCK NO LBLOCK lista_sentencia RBLOCK
    (33) sentencia_mientras -> . MIENTRAS LPAREN condicion RPAREN LBLOCK lista_sentencia RBLOCK
    (34) sentencia_mientras -> . HAZ LBLOCK lista_sentencia RBLOCK MIENTRAS LPAREN condicion RPAREN PUNTOYCOMA
    (35) sentencia_para -> . PARA LPAREN asignacion condicion PUNTOYCOMA asignacion RPAREN LBLOCK lista_sentencia RBLOCK
    (5) statement -> . asignacion
    (11) statement -> . LEER DOSPUNTOS expr
    (12) statement -> . IMPRIMIR DOSPUNTOS expr
    (6) asignacion -> . ID ASIGNAR expr PUNTOYCOMA

    RBLOCK          shift and go to state 85
    SI              shift and go to state 10
    MIENTRAS        shift and go to state 11
    HAZ             shift and go to state 12
    PARA            shift and go to state 13
    LEER            shift and go to state 8
    IMPRIMIR        shift and go to state 9
    ID              shift and go to state 14

    sentencia                      shift and go to state 56
    sentencia_si                   shift and go to state 4
    sentencia_mientras             shift and go to state 5
    sentencia_para                 shift and go to state 6
    statement                      shift and go to state 37
    asignacion                     shift and go to state 7

state 84

    (35) sentencia_para -> PARA LPAREN asignacion condicion PUNTOYCOMA asignacion RPAREN LBLOCK lista_sentencia RBLOCK .

    LEER            reduce using rule 35 (sentencia_para -> PARA LPAREN asignacion condicion PUNTOYCOMA asignacion RPAREN LBLOCK lista_sentencia RBLOCK .)
    IMPRIMIR        reduce using rule 35 (sentencia_para -> PARA LPAREN asignacion condicion PUNTOYCOMA asignacion RPAREN LBLOCK lista_sentencia RBLOCK .)
    ID              reduce using rule 35 (sentencia_para -> PARA LPAREN asignacion condicion PUNTOYCOMA asignacion RPAREN LBLOCK lista_sentencia RBLOCK .)
    SI              reduce using rule 35 (sentencia_para -> PARA LPAREN asignacion condicion PUNTOYCOMA asignacion RPAREN LBLOCK lista_sentencia RBLOCK .)
    MIENTRAS        reduce using rule 35 (sentencia_para -> PARA LPAREN asignacion condicion PUNTOYCOMA asignacion RPAREN LBLOCK lista_sentencia RBLOCK .)
    HAZ             reduce using rule 35 (sentencia_para -> PARA LPAREN asignacion condicion PUNTOYCOMA asignacion RPAREN LBLOCK lista_sentencia RBLOCK .)
    PARA            reduce using rule 35 (sentencia_para -> PARA LPAREN asignacion condicion PUNTOYCOMA asignacion RPAREN LBLOCK lista_sentencia RBLOCK .)
    $end            reduce using rule 35 (sentencia_para -> PARA LPAREN asignacion condicion PUNTOYCOMA asignacion RPAREN LBLOCK lista_sentencia RBLOCK .)
    RBLOCK          reduce using rule 35 (sentencia_para -> PARA LPAREN asignacion condicion PUNTOYCOMA asignacion RPAREN LBLOCK lista_sentencia RBLOCK .)


state 85

    (32) sentencia_si -> SI LPAREN condicion RPAREN LBLOCK lista_sentencia RBLOCK NO LBLOCK lista_sentencia RBLOCK .

    LEER            reduce using rule 32 (sentencia_si -> SI LPAREN condicion RPAREN LBLOCK lista_sentencia RBLOCK NO LBLOCK lista_sentencia RBLOCK .)
    IMPRIMIR        reduce using rule 32 (sentencia_si -> SI LPAREN condicion RPAREN LBLOCK lista_sentencia RBLOCK NO LBLOCK lista_sentencia RBLOCK .)
    ID              reduce using rule 32 (sentencia_si -> SI LPAREN condicion RPAREN LBLOCK lista_sentencia RBLOCK NO LBLOCK lista_sentencia RBLOCK .)
    SI              reduce using rule 32 (sentencia_si -> SI LPAREN condicion RPAREN LBLOCK lista_sentencia RBLOCK NO LBLOCK lista_sentencia RBLOCK .)
    MIENTRAS        reduce using rule 32 (sentencia_si -> SI LPAREN condicion RPAREN LBLOCK lista_sentencia RBLOCK NO LBLOCK lista_sentencia RBLOCK .)
    HAZ             reduce using rule 32 (sentencia_si -> SI LPAREN condicion RPAREN LBLOCK lista_sentencia RBLOCK NO LBLOCK lista_sentencia RBLOCK .)
    PARA            reduce using rule 32 (sentencia_si -> SI LPAREN condicion RPAREN LBLOCK lista_sentencia RBLOCK NO LBLOCK lista_sentencia RBLOCK .)
    $end            reduce using rule 32 (sentencia_si -> SI LPAREN condicion RPAREN LBLOCK lista_sentencia RBLOCK NO LBLOCK lista_sentencia RBLOCK .)
    RBLOCK          reduce using rule 32 (sentencia_si -> SI LPAREN condicion RPAREN LBLOCK lista_sentencia RBLOCK NO LBLOCK lista_sentencia RBLOCK .)

WARNING: 
WARNING: Conflicts:
WARNING: 
WARNING: shift/reduce conflict for MAS in state 59 resolved as shift
WARNING: reduce/reduce conflict in state 2 resolved using rule (statements -> statement)
WARNING: rejected rule (sentencia -> statement) in state 2
WARNING: reduce/reduce conflict in state 15 resolved using rule (statements -> statements statement)
WARNING: rejected rule (sentencia -> statement) in state 15
